2016-06-27 17:38:07,598 [Worker-26] INFO  o.e.m.c.i.l.LifecycleMappingFactory - Using org.eclipse.m2e.jdt.JarLifecycleMapping lifecycle mapping for MavenProject: Employee:Employee:0.0.1-SNAPSHOT @ D:\eclipse_avinash\new_workspace\Employee\pom.xml.
2016-06-27 17:38:09,630 [Worker-16] WARN  o.e.m.c.i.embedder.EclipseLogger - Using platform encoding (Cp1252 actually) to copy filtered resources, i.e. build is platform dependent!
2016-06-27 17:38:09,711 [Worker-16] INFO  o.e.m.c.i.embedder.EclipseLogger - Copying 2 resources
2016-06-27 17:38:09,741 [Worker-16] WARN  o.e.m.c.i.embedder.EclipseLogger - Using platform encoding (Cp1252 actually) to copy filtered resources, i.e. build is platform dependent!
2016-06-27 17:38:09,743 [Worker-16] INFO  o.e.m.c.i.embedder.EclipseLogger - skip non existing resourceDirectory D:\eclipse_avinash\new_workspace\Employee\src\test\resources
2016-06-27 17:38:10,217 [Worker-26] INFO  o.e.m.j.i.AbstractJavaProjectConfigurator - Adding source folder /Employee/src
2016-06-27 17:38:10,224 [Worker-26] INFO  o.e.m.j.i.AbstractJavaProjectConfigurator - Resources folder /Employee/src overlaps with sources folder /Employee/src
2016-06-27 17:38:10,232 [Worker-26] INFO  o.e.m.j.i.AbstractJavaProjectConfigurator - Not adding source folder /Employee/src/test/java because it overlaps with /Employee/src
2016-06-27 17:38:10,913 [Worker-26] INFO  o.e.m.c.i.p.ProjectConfigurationManager - Update started
2016-06-27 17:38:12,724 [Worker-12] INFO  o.e.m.c.i.l.LifecycleMappingFactory - Using org.eclipse.m2e.jdt.JarLifecycleMapping lifecycle mapping for MavenProject: Employee:Employee:0.0.1-SNAPSHOT @ D:\eclipse_avinash\new_workspace\Employee\pom.xml.
2016-06-27 17:38:13,099 [Worker-12] WARN  o.e.m.c.i.embedder.EclipseLogger - Using platform encoding (Cp1252 actually) to copy filtered resources, i.e. build is platform dependent!
2016-06-27 17:38:13,109 [Worker-12] INFO  o.e.m.c.i.embedder.EclipseLogger - Copying 2 resources
2016-06-27 17:38:13,129 [Worker-12] WARN  o.e.m.c.i.embedder.EclipseLogger - Using platform encoding (Cp1252 actually) to copy filtered resources, i.e. build is platform dependent!
2016-06-27 17:38:13,129 [Worker-12] INFO  o.e.m.c.i.embedder.EclipseLogger - skip non existing resourceDirectory D:\eclipse_avinash\new_workspace\Employee\src\test\resources
2016-06-27 17:38:13,302 [Worker-26] INFO  o.e.m.c.i.l.LifecycleMappingFactory - Using org.eclipse.m2e.jdt.JarLifecycleMapping lifecycle mapping for MavenProject: Employee:Employee:0.0.1-SNAPSHOT @ D:\eclipse_avinash\new_workspace\Employee\pom.xml.
2016-06-27 17:38:13,573 [Worker-26] INFO  o.e.m.j.i.AbstractJavaProjectConfigurator - Adding source folder /Employee/src
2016-06-27 17:38:13,574 [Worker-26] INFO  o.e.m.j.i.AbstractJavaProjectConfigurator - Resources folder /Employee/src overlaps with sources folder /Employee/src
2016-06-27 17:38:13,581 [Worker-26] INFO  o.e.m.j.i.AbstractJavaProjectConfigurator - Not adding source folder /Employee/src/test/java because it overlaps with /Employee/src
2016-06-27 17:38:13,817 [Worker-26] INFO  o.e.m.c.i.p.ProjectConfigurationManager - Update completed: 2 sec
2016-06-27 17:38:14,227 [Worker-34] WARN  o.e.m.c.i.embedder.EclipseLogger - Using platform encoding (Cp1252 actually) to copy filtered resources, i.e. build is platform dependent!
2016-06-27 17:38:14,229 [Worker-34] INFO  o.e.m.c.i.embedder.EclipseLogger - Copying 2 resources
2016-06-27 17:38:14,238 [Worker-34] WARN  o.e.m.c.i.embedder.EclipseLogger - Using platform encoding (Cp1252 actually) to copy filtered resources, i.e. build is platform dependent!
2016-06-27 17:38:14,239 [Worker-34] INFO  o.e.m.c.i.embedder.EclipseLogger - skip non existing resourceDirectory D:\eclipse_avinash\new_workspace\Employee\src\test\resources
2016-06-27 17:40:21,518 [Worker-36] WARN  o.e.m.c.i.embedder.EclipseLogger - Using platform encoding (Cp1252 actually) to copy filtered resources, i.e. build is platform dependent!
2016-06-27 17:40:21,518 [Worker-36] INFO  o.e.m.c.i.embedder.EclipseLogger - Copying 0 resource
2016-06-27 17:40:21,528 [Worker-36] WARN  o.e.m.c.i.embedder.EclipseLogger - Using platform encoding (Cp1252 actually) to copy filtered resources, i.e. build is platform dependent!
2016-06-27 17:40:21,528 [Worker-36] INFO  o.e.m.c.i.embedder.EclipseLogger - skip non existing resourceDirectory D:\eclipse_avinash\new_workspace\Employee\src\test\resources
2016-06-27 17:40:47,007 [Worker-36] WARN  o.e.m.c.i.embedder.EclipseLogger - Using platform encoding (Cp1252 actually) to copy filtered resources, i.e. build is platform dependent!
2016-06-27 17:40:47,009 [Worker-36] INFO  o.e.m.c.i.embedder.EclipseLogger - Copying 0 resource
2016-06-27 17:40:47,015 [Worker-36] WARN  o.e.m.c.i.embedder.EclipseLogger - Using platform encoding (Cp1252 actually) to copy filtered resources, i.e. build is platform dependent!
2016-06-27 17:40:47,024 [Worker-36] INFO  o.e.m.c.i.embedder.EclipseLogger - skip non existing resourceDirectory D:\eclipse_avinash\new_workspace\Employee\src\test\resources
2016-06-27 17:43:16,474 [Worker-36] INFO  o.e.m.c.i.e.AbstractTransferListenerAdapter - Downloaded http://repo.maven.apache.org/maven2/org/apache/maven/plugins/maven-war-plugin/2.4/maven-war-plugin-2.4.jar
2016-06-27 17:43:16,586 [Worker-36] INFO  o.e.m.c.i.l.LifecycleMappingFactory - Using org.maven.ide.eclipse.wtp.WarLifecycleMapping lifecycle mapping for MavenProject: CatalogCollector:CatalogCollector:0.0.1-SNAPSHOT @ D:\eclipse_avinash\new_workspace\CatalogCollector\pom.xml.
2016-06-27 17:43:16,799 [Worker-36] INFO  o.e.m.c.i.e.AbstractTransferListenerAdapter - Downloaded http://repo.maven.apache.org/maven2/org/apache/maven/plugins/maven-war-plugin/2.4/maven-war-plugin-2.4.pom
2016-06-27 17:43:16,840 [Worker-36] WARN  o.e.m.c.i.embedder.EclipseLogger - Failed to retrieve plugin descriptor for org.apache.maven.plugins:maven-war-plugin:2.4: Plugin org.apache.maven.plugins:maven-war-plugin:2.4 or one of its dependencies could not be resolved: Failed to read artifact descriptor for org.apache.maven.plugins:maven-war-plugin:jar:2.4
2016-06-27 17:43:16,857 [Worker-36] INFO  o.e.m.c.i.e.AbstractTransferListenerAdapter - Downloaded http://repo.maven.apache.org/maven2/org/apache/maven/plugins/maven-clean-plugin/2.5/maven-clean-plugin-2.5.pom
2016-06-27 17:43:16,868 [Worker-36] WARN  o.e.m.c.i.embedder.EclipseLogger - Failed to retrieve plugin descriptor for org.apache.maven.plugins:maven-clean-plugin:2.5: Plugin org.apache.maven.plugins:maven-clean-plugin:2.5 or one of its dependencies could not be resolved: Failed to read artifact descriptor for org.apache.maven.plugins:maven-clean-plugin:jar:2.5
2016-06-27 17:43:16,885 [Worker-36] INFO  o.e.m.c.i.e.AbstractTransferListenerAdapter - Downloaded http://repo.maven.apache.org/maven2/org/apache/maven/plugins/maven-install-plugin/2.4/maven-install-plugin-2.4.pom
2016-06-27 17:43:16,891 [Worker-36] WARN  o.e.m.c.i.embedder.EclipseLogger - Failed to retrieve plugin descriptor for org.apache.maven.plugins:maven-install-plugin:2.4: Plugin org.apache.maven.plugins:maven-install-plugin:2.4 or one of its dependencies could not be resolved: Failed to read artifact descriptor for org.apache.maven.plugins:maven-install-plugin:jar:2.4
2016-06-27 17:43:16,906 [Worker-36] INFO  o.e.m.c.i.e.AbstractTransferListenerAdapter - Downloaded http://repo.maven.apache.org/maven2/org/apache/maven/plugins/maven-deploy-plugin/2.7/maven-deploy-plugin-2.7.pom
2016-06-27 17:43:16,912 [Worker-36] WARN  o.e.m.c.i.embedder.EclipseLogger - Failed to retrieve plugin descriptor for org.apache.maven.plugins:maven-deploy-plugin:2.7: Plugin org.apache.maven.plugins:maven-deploy-plugin:2.7 or one of its dependencies could not be resolved: Failed to read artifact descriptor for org.apache.maven.plugins:maven-deploy-plugin:jar:2.7
2016-06-27 17:43:16,927 [Worker-36] INFO  o.e.m.c.i.e.AbstractTransferListenerAdapter - Downloaded http://repo.maven.apache.org/maven2/org/apache/maven/plugins/maven-site-plugin/3.3/maven-site-plugin-3.3.pom
2016-06-27 17:43:16,933 [Worker-36] WARN  o.e.m.c.i.embedder.EclipseLogger - Failed to retrieve plugin descriptor for org.apache.maven.plugins:maven-site-plugin:3.3: Plugin org.apache.maven.plugins:maven-site-plugin:3.3 or one of its dependencies could not be resolved: Failed to read artifact descriptor for org.apache.maven.plugins:maven-site-plugin:jar:3.3
2016-06-27 17:43:16,951 [Worker-36] INFO  o.e.m.c.i.e.AbstractTransferListenerAdapter - Downloaded http://repo.maven.apache.org/maven2/org/apache/maven/plugins/maven-antrun-plugin/1.3/maven-antrun-plugin-1.3.pom
2016-06-27 17:43:16,955 [Worker-36] WARN  o.e.m.c.i.embedder.EclipseLogger - Failed to retrieve plugin descriptor for org.apache.maven.plugins:maven-antrun-plugin:1.3: Plugin org.apache.maven.plugins:maven-antrun-plugin:1.3 or one of its dependencies could not be resolved: Failed to read artifact descriptor for org.apache.maven.plugins:maven-antrun-plugin:jar:1.3
2016-06-27 17:43:17,078 [Worker-36] INFO  o.e.m.c.i.e.AbstractTransferListenerAdapter - Downloaded http://repo.maven.apache.org/maven2/org/apache/maven/plugins/maven-dependency-plugin/2.8/maven-dependency-plugin-2.8.pom
2016-06-27 17:43:17,081 [Worker-36] WARN  o.e.m.c.i.embedder.EclipseLogger - Failed to retrieve plugin descriptor for org.apache.maven.plugins:maven-dependency-plugin:2.8: Plugin org.apache.maven.plugins:maven-dependency-plugin:2.8 or one of its dependencies could not be resolved: Failed to read artifact descriptor for org.apache.maven.plugins:maven-dependency-plugin:jar:2.8
2016-06-27 17:43:17,097 [Worker-36] INFO  o.e.m.c.i.e.AbstractTransferListenerAdapter - Downloaded http://repo.maven.apache.org/maven2/org/apache/maven/plugins/maven-release-plugin/2.3.2/maven-release-plugin-2.3.2.pom
2016-06-27 17:43:17,128 [Worker-36] WARN  o.e.m.c.i.embedder.EclipseLogger - Failed to retrieve plugin descriptor for org.apache.maven.plugins:maven-release-plugin:2.3.2: Plugin org.apache.maven.plugins:maven-release-plugin:2.3.2 or one of its dependencies could not be resolved: Failed to read artifact descriptor for org.apache.maven.plugins:maven-release-plugin:jar:2.3.2
2016-06-27 17:43:17,910 [Worker-36] ERROR o.e.m.c.u.i.a.EnableNatureAction - Could not calculate build plan: Plugin org.apache.maven.plugins:maven-war-plugin:2.4 or one of its dependencies could not be resolved: Failed to read artifact descriptor for org.apache.maven.plugins:maven-war-plugin:jar:2.4
org.eclipse.core.runtime.CoreException: Could not calculate build plan: Plugin org.apache.maven.plugins:maven-war-plugin:2.4 or one of its dependencies could not be resolved: Failed to read artifact descriptor for org.apache.maven.plugins:maven-war-plugin:jar:2.4
	at org.eclipse.m2e.core.internal.embedder.MavenImpl.setupMojoExecution(MavenImpl.java:407) ~[na:na]
	at org.eclipse.m2e.core.internal.embedder.MavenImpl$2.call(MavenImpl.java:417) ~[na:na]
	at org.eclipse.m2e.core.internal.embedder.MavenImpl$2.call(MavenImpl.java:1) ~[na:na]
	at org.eclipse.m2e.core.internal.embedder.MavenExecutionContext.executeBare(MavenExecutionContext.java:166) ~[na:na]
	at org.eclipse.m2e.core.internal.embedder.MavenExecutionContext.execute(MavenExecutionContext.java:109) ~[na:na]
	at org.eclipse.m2e.core.internal.embedder.MavenImpl.setupMojoExecution(MavenImpl.java:415) ~[na:na]
	at org.eclipse.m2e.core.internal.project.registry.ProjectRegistryManager.setupMojoExecution(ProjectRegistryManager.java:907) ~[na:na]
	at org.eclipse.m2e.core.internal.project.registry.MavenProjectFacade.getMojoExecution(MavenProjectFacade.java:408) ~[na:na]
	at org.eclipse.m2e.core.project.configurator.AbstractCustomizableLifecycleMapping.getBuildParticipants(AbstractCustomizableLifecycleMapping.java:78) ~[na:na]
	at org.eclipse.m2e.core.project.configurator.AbstractLifecycleMapping.configure(AbstractLifecycleMapping.java:97) ~[na:na]
	at org.eclipse.m2e.core.internal.project.ProjectConfigurationManager$3.call(ProjectConfigurationManager.java:477) ~[na:na]
	at org.eclipse.m2e.core.internal.project.ProjectConfigurationManager$3.call(ProjectConfigurationManager.java:1) ~[na:na]
	at org.eclipse.m2e.core.internal.embedder.MavenExecutionContext.executeBare(MavenExecutionContext.java:166) ~[na:na]
	at org.eclipse.m2e.core.internal.embedder.MavenExecutionContext.execute(MavenExecutionContext.java:142) ~[na:na]
	at org.eclipse.m2e.core.internal.project.ProjectConfigurationManager.updateProjectConfiguration(ProjectConfigurationManager.java:470) ~[na:na]
	at org.eclipse.m2e.core.internal.project.ProjectConfigurationManager.configureNewMavenProjects(ProjectConfigurationManager.java:250) ~[na:na]
	at org.eclipse.m2e.core.internal.project.ProjectConfigurationManager$4.run(ProjectConfigurationManager.java:497) ~[na:na]
	at org.eclipse.m2e.core.internal.embedder.AbstractRunnable.call(AbstractRunnable.java:26) ~[na:na]
	at org.eclipse.m2e.core.internal.embedder.AbstractRunnable.call(AbstractRunnable.java:1) ~[na:na]
	at org.eclipse.m2e.core.internal.embedder.MavenExecutionContext.executeBare(MavenExecutionContext.java:166) ~[na:na]
	at org.eclipse.m2e.core.internal.embedder.MavenExecutionContext.execute(MavenExecutionContext.java:142) ~[na:na]
	at org.eclipse.m2e.core.internal.embedder.MavenExecutionContext.execute(MavenExecutionContext.java:96) ~[na:na]
	at org.eclipse.m2e.core.internal.embedder.MavenImpl.execute(MavenImpl.java:1348) ~[na:na]
	at org.eclipse.m2e.core.internal.project.ProjectConfigurationManager.enableMavenNature(ProjectConfigurationManager.java:494) ~[na:na]
	at org.eclipse.m2e.core.ui.internal.actions.EnableNatureAction$1.run(EnableNatureAction.java:138) ~[org.eclipse.m2e.core.ui_1.5.1.20150109-1820.jar:na]
	at org.eclipse.core.internal.jobs.Worker.run(Worker.java:54) [org.eclipse.core.jobs_3.6.1.v20141014-1248.jar:na]
Caused by: org.apache.maven.plugin.PluginResolutionException: Plugin org.apache.maven.plugins:maven-war-plugin:2.4 or one of its dependencies could not be resolved: Failed to read artifact descriptor for org.apache.maven.plugins:maven-war-plugin:jar:2.4
	at org.apache.maven.plugin.internal.DefaultPluginDependenciesResolver.resolve(DefaultPluginDependenciesResolver.java:122) ~[na:na]
	at org.eclipse.m2e.core.internal.project.registry.EclipsePluginDependenciesResolver.resolve(EclipsePluginDependenciesResolver.java:48) ~[na:na]
	at org.apache.maven.plugin.internal.DefaultMavenPluginManager.getPluginDescriptor(DefaultMavenPluginManager.java:148) ~[na:na]
	at org.apache.maven.plugin.internal.DefaultMavenPluginManager.getMojoDescriptor(DefaultMavenPluginManager.java:267) ~[na:na]
	at org.apache.maven.plugin.DefaultBuildPluginManager.getMojoDescriptor(DefaultBuildPluginManager.java:240) ~[na:na]
	at org.apache.maven.lifecycle.internal.DefaultLifecycleExecutionPlanCalculator.setupMojoExecution(DefaultLifecycleExecutionPlanCalculator.java:158) ~[na:na]
	at org.eclipse.m2e.core.internal.embedder.MavenImpl.setupMojoExecution(MavenImpl.java:405) ~[na:na]
	... 25 common frames omitted
Caused by: org.eclipse.aether.resolution.ArtifactDescriptorException: Failed to read artifact descriptor for org.apache.maven.plugins:maven-war-plugin:jar:2.4
	at org.apache.maven.repository.internal.DefaultArtifactDescriptorReader.loadPom(DefaultArtifactDescriptorReader.java:335) ~[na:na]
	at org.apache.maven.repository.internal.DefaultArtifactDescriptorReader.readArtifactDescriptor(DefaultArtifactDescriptorReader.java:217) ~[na:na]
	at org.eclipse.aether.internal.impl.DefaultRepositorySystem.readArtifactDescriptor(DefaultRepositorySystem.java:288) ~[na:na]
	at org.apache.maven.plugin.internal.DefaultPluginDependenciesResolver.resolve(DefaultPluginDependenciesResolver.java:108) ~[na:na]
	... 31 common frames omitted
Caused by: org.eclipse.aether.resolution.ArtifactResolutionException: Failure to transfer org.apache.maven.plugins:maven-war-plugin:pom:2.4 from http://repo.maven.apache.org/maven2 was cached in the local repository, resolution will not be reattempted until the update interval of central has elapsed or updates are forced. Original error: Could not transfer artifact org.apache.maven.plugins:maven-war-plugin:pom:2.4 from/to central (http://repo.maven.apache.org/maven2): Address family not supported by protocol family: connect
	at org.eclipse.aether.internal.impl.DefaultArtifactResolver.resolve(DefaultArtifactResolver.java:459) ~[na:na]
	at org.eclipse.aether.internal.impl.DefaultArtifactResolver.resolveArtifacts(DefaultArtifactResolver.java:262) ~[na:na]
	at org.eclipse.aether.internal.impl.DefaultArtifactResolver.resolveArtifact(DefaultArtifactResolver.java:239) ~[na:na]
	at org.apache.maven.repository.internal.DefaultArtifactDescriptorReader.loadPom(DefaultArtifactDescriptorReader.java:320) ~[na:na]
	... 34 common frames omitted
Caused by: org.eclipse.aether.transfer.ArtifactTransferException: Failure to transfer org.apache.maven.plugins:maven-war-plugin:pom:2.4 from http://repo.maven.apache.org/maven2 was cached in the local repository, resolution will not be reattempted until the update interval of central has elapsed or updates are forced. Original error: Could not transfer artifact org.apache.maven.plugins:maven-war-plugin:pom:2.4 from/to central (http://repo.maven.apache.org/maven2): Address family not supported by protocol family: connect
	at org.eclipse.aether.internal.impl.DefaultUpdateCheckManager.newException(DefaultUpdateCheckManager.java:239) ~[na:na]
	at org.eclipse.aether.internal.impl.DefaultUpdateCheckManager.checkArtifact(DefaultUpdateCheckManager.java:218) ~[na:na]
	at org.eclipse.aether.internal.impl.DefaultArtifactResolver.gatherDownloads(DefaultArtifactResolver.java:599) ~[na:na]
	at org.eclipse.aether.internal.impl.DefaultArtifactResolver.performDownloads(DefaultArtifactResolver.java:518) ~[na:na]
	at org.eclipse.aether.internal.impl.DefaultArtifactResolver.resolve(DefaultArtifactResolver.java:436) ~[na:na]
	... 37 common frames omitted
2016-06-27 17:48:26,626 [Worker-33] INFO  o.e.m.c.i.l.LifecycleMappingFactory - Using org.maven.ide.eclipse.wtp.WarLifecycleMapping lifecycle mapping for MavenProject: CatalogCollector:CatalogCollector:0.0.1-SNAPSHOT @ D:\eclipse_avinash\new_workspace\CatalogCollector\pom.xml.
2016-06-27 17:48:26,656 [Worker-33] WARN  o.e.m.c.i.embedder.EclipseLogger - Failed to retrieve plugin descriptor for org.apache.maven.plugins:maven-war-plugin:2.4: Plugin org.apache.maven.plugins:maven-war-plugin:2.4 or one of its dependencies could not be resolved: Failed to read artifact descriptor for org.apache.maven.plugins:maven-war-plugin:jar:2.4
2016-06-27 17:48:26,666 [Worker-33] WARN  o.e.m.c.i.embedder.EclipseLogger - Failed to retrieve plugin descriptor for org.apache.maven.plugins:maven-clean-plugin:2.5: Plugin org.apache.maven.plugins:maven-clean-plugin:2.5 or one of its dependencies could not be resolved: Failed to read artifact descriptor for org.apache.maven.plugins:maven-clean-plugin:jar:2.5
2016-06-27 17:48:26,666 [Worker-33] WARN  o.e.m.c.i.embedder.EclipseLogger - Failed to retrieve plugin descriptor for org.apache.maven.plugins:maven-install-plugin:2.4: Plugin org.apache.maven.plugins:maven-install-plugin:2.4 or one of its dependencies could not be resolved: Failed to read artifact descriptor for org.apache.maven.plugins:maven-install-plugin:jar:2.4
2016-06-27 17:48:26,676 [Worker-33] WARN  o.e.m.c.i.embedder.EclipseLogger - Failed to retrieve plugin descriptor for org.apache.maven.plugins:maven-deploy-plugin:2.7: Plugin org.apache.maven.plugins:maven-deploy-plugin:2.7 or one of its dependencies could not be resolved: Failed to read artifact descriptor for org.apache.maven.plugins:maven-deploy-plugin:jar:2.7
2016-06-27 17:48:26,686 [Worker-33] WARN  o.e.m.c.i.embedder.EclipseLogger - Failed to retrieve plugin descriptor for org.apache.maven.plugins:maven-site-plugin:3.3: Plugin org.apache.maven.plugins:maven-site-plugin:3.3 or one of its dependencies could not be resolved: Failed to read artifact descriptor for org.apache.maven.plugins:maven-site-plugin:jar:3.3
2016-06-27 17:48:26,696 [Worker-33] WARN  o.e.m.c.i.embedder.EclipseLogger - Failed to retrieve plugin descriptor for org.apache.maven.plugins:maven-antrun-plugin:1.3: Plugin org.apache.maven.plugins:maven-antrun-plugin:1.3 or one of its dependencies could not be resolved: Failed to read artifact descriptor for org.apache.maven.plugins:maven-antrun-plugin:jar:1.3
2016-06-27 17:48:26,706 [Worker-33] WARN  o.e.m.c.i.embedder.EclipseLogger - Failed to retrieve plugin descriptor for org.apache.maven.plugins:maven-dependency-plugin:2.8: Plugin org.apache.maven.plugins:maven-dependency-plugin:2.8 or one of its dependencies could not be resolved: Failed to read artifact descriptor for org.apache.maven.plugins:maven-dependency-plugin:jar:2.8
2016-06-27 17:48:26,706 [Worker-33] WARN  o.e.m.c.i.embedder.EclipseLogger - Failed to retrieve plugin descriptor for org.apache.maven.plugins:maven-release-plugin:2.3.2: Plugin org.apache.maven.plugins:maven-release-plugin:2.3.2 or one of its dependencies could not be resolved: Failed to read artifact descriptor for org.apache.maven.plugins:maven-release-plugin:jar:2.3.2
2016-06-27 17:49:03,525 [Worker-32] INFO  o.e.m.c.i.l.LifecycleMappingFactory - Using org.maven.ide.eclipse.wtp.WarLifecycleMapping lifecycle mapping for MavenProject: CatalogCollector:CatalogCollector:0.0.1-SNAPSHOT @ D:\eclipse_avinash\new_workspace\CatalogCollector\pom.xml.
2016-06-27 17:49:03,563 [Worker-32] WARN  o.e.m.c.i.embedder.EclipseLogger - Failed to retrieve plugin descriptor for org.apache.maven.plugins:maven-war-plugin:2.4: Plugin org.apache.maven.plugins:maven-war-plugin:2.4 or one of its dependencies could not be resolved: Failed to read artifact descriptor for org.apache.maven.plugins:maven-war-plugin:jar:2.4
2016-06-27 17:49:03,572 [Worker-32] WARN  o.e.m.c.i.embedder.EclipseLogger - Failed to retrieve plugin descriptor for org.apache.maven.plugins:maven-clean-plugin:2.5: Plugin org.apache.maven.plugins:maven-clean-plugin:2.5 or one of its dependencies could not be resolved: Failed to read artifact descriptor for org.apache.maven.plugins:maven-clean-plugin:jar:2.5
2016-06-27 17:49:03,581 [Worker-32] WARN  o.e.m.c.i.embedder.EclipseLogger - Failed to retrieve plugin descriptor for org.apache.maven.plugins:maven-install-plugin:2.4: Plugin org.apache.maven.plugins:maven-install-plugin:2.4 or one of its dependencies could not be resolved: Failed to read artifact descriptor for org.apache.maven.plugins:maven-install-plugin:jar:2.4
2016-06-27 17:49:03,596 [Worker-32] WARN  o.e.m.c.i.embedder.EclipseLogger - Failed to retrieve plugin descriptor for org.apache.maven.plugins:maven-deploy-plugin:2.7: Plugin org.apache.maven.plugins:maven-deploy-plugin:2.7 or one of its dependencies could not be resolved: Failed to read artifact descriptor for org.apache.maven.plugins:maven-deploy-plugin:jar:2.7
2016-06-27 17:49:03,605 [Worker-32] WARN  o.e.m.c.i.embedder.EclipseLogger - Failed to retrieve plugin descriptor for org.apache.maven.plugins:maven-site-plugin:3.3: Plugin org.apache.maven.plugins:maven-site-plugin:3.3 or one of its dependencies could not be resolved: Failed to read artifact descriptor for org.apache.maven.plugins:maven-site-plugin:jar:3.3
2016-06-27 17:49:03,614 [Worker-32] WARN  o.e.m.c.i.embedder.EclipseLogger - Failed to retrieve plugin descriptor for org.apache.maven.plugins:maven-antrun-plugin:1.3: Plugin org.apache.maven.plugins:maven-antrun-plugin:1.3 or one of its dependencies could not be resolved: Failed to read artifact descriptor for org.apache.maven.plugins:maven-antrun-plugin:jar:1.3
2016-06-27 17:49:03,623 [Worker-32] WARN  o.e.m.c.i.embedder.EclipseLogger - Failed to retrieve plugin descriptor for org.apache.maven.plugins:maven-dependency-plugin:2.8: Plugin org.apache.maven.plugins:maven-dependency-plugin:2.8 or one of its dependencies could not be resolved: Failed to read artifact descriptor for org.apache.maven.plugins:maven-dependency-plugin:jar:2.8
2016-06-27 17:49:03,632 [Worker-32] WARN  o.e.m.c.i.embedder.EclipseLogger - Failed to retrieve plugin descriptor for org.apache.maven.plugins:maven-release-plugin:2.3.2: Plugin org.apache.maven.plugins:maven-release-plugin:2.3.2 or one of its dependencies could not be resolved: Failed to read artifact descriptor for org.apache.maven.plugins:maven-release-plugin:jar:2.3.2
2016-06-27 17:52:16,663 [Worker-40] ERROR o.e.m2e.editor.pom.MavenPomEditor - failed to load maven project for org.eclipse.ui.part.FileEditorInput(/CatalogCollector/pom.xml)
org.eclipse.core.runtime.CoreException: Could not read maven project
	at org.eclipse.m2e.core.internal.project.registry.ProjectRegistryManager.readProjectWithDependencies(ProjectRegistryManager.java:768) ~[na:na]
	at org.eclipse.m2e.core.internal.project.registry.ProjectRegistryManager$6.call(ProjectRegistryManager.java:956) ~[na:na]
	at org.eclipse.m2e.core.internal.project.registry.ProjectRegistryManager$6.call(ProjectRegistryManager.java:1) ~[na:na]
	at com.google.common.cache.LocalCache$LocalManualCache$1.load(LocalCache.java:4724) ~[na:na]
	at com.google.common.cache.LocalCache$LoadingValueReference.loadFuture(LocalCache.java:3522) ~[na:na]
	at com.google.common.cache.LocalCache$Segment.loadSync(LocalCache.java:2315) ~[na:na]
	at com.google.common.cache.LocalCache$Segment.lockedGetOrLoad(LocalCache.java:2278) ~[na:na]
	at com.google.common.cache.LocalCache$Segment.get(LocalCache.java:2193) ~[na:na]
	at com.google.common.cache.LocalCache.get(LocalCache.java:3932) ~[na:na]
	at com.google.common.cache.LocalCache$LocalManualCache.get(LocalCache.java:4721) ~[na:na]
	at org.eclipse.m2e.core.internal.project.registry.ProjectRegistryManager.getMavenProject(ProjectRegistryManager.java:954) ~[na:na]
	at org.eclipse.m2e.core.internal.project.registry.MavenProjectFacade.getMavenProject(MavenProjectFacade.java:242) ~[na:na]
	at org.eclipse.m2e.core.ui.internal.actions.SelectionUtil.getMavenProject(SelectionUtil.java:261) ~[org.eclipse.m2e.core.ui_1.5.1.20150109-1820.jar:na]
	at org.eclipse.m2e.editor.pom.MavenPomEditor.readMavenProject(MavenPomEditor.java:753) ~[na:na]
	at org.eclipse.m2e.editor.pom.MavenPomEditor$6.run(MavenPomEditor.java:1073) ~[na:na]
	at org.eclipse.core.internal.jobs.Worker.run(Worker.java:54) [org.eclipse.core.jobs_3.6.1.v20141014-1248.jar:na]
2016-06-27 17:52:16,845 [Worker-12] ERROR o.e.m.c.i.p.r.ProjectRegistryManager - Could not read pom.xml
org.eclipse.core.runtime.CoreException: Could not read pom.xml
	at org.eclipse.m2e.core.internal.embedder.MavenImpl.readModel(MavenImpl.java:558) ~[org.eclipse.m2e.core_1.5.1.20150109-1820.jar:na]
	at org.eclipse.m2e.core.internal.embedder.MavenImpl.readModel(MavenImpl.java:567) ~[org.eclipse.m2e.core_1.5.1.20150109-1820.jar:na]
	at org.eclipse.m2e.core.internal.project.registry.ProjectRegistryManager.refreshPhase2(ProjectRegistryManager.java:511) [org.eclipse.m2e.core_1.5.1.20150109-1820.jar:na]
	at org.eclipse.m2e.core.internal.project.registry.ProjectRegistryManager.refresh(ProjectRegistryManager.java:466) [org.eclipse.m2e.core_1.5.1.20150109-1820.jar:na]
	at org.eclipse.m2e.core.internal.project.registry.ProjectRegistryManager.refresh(ProjectRegistryManager.java:336) [org.eclipse.m2e.core_1.5.1.20150109-1820.jar:na]
	at org.eclipse.m2e.core.internal.project.registry.ProjectRegistryManager.refresh(ProjectRegistryManager.java:289) [org.eclipse.m2e.core_1.5.1.20150109-1820.jar:na]
	at org.eclipse.m2e.core.internal.builder.MavenBuilder$BuildMethod.getProjectFacade(MavenBuilder.java:154) [org.eclipse.m2e.core_1.5.1.20150109-1820.jar:na]
	at org.eclipse.m2e.core.internal.builder.MavenBuilder$BuildMethod$1.call(MavenBuilder.java:89) [org.eclipse.m2e.core_1.5.1.20150109-1820.jar:na]
	at org.eclipse.m2e.core.internal.embedder.MavenExecutionContext.executeBare(MavenExecutionContext.java:166) [org.eclipse.m2e.core_1.5.1.20150109-1820.jar:na]
	at org.eclipse.m2e.core.internal.embedder.MavenExecutionContext.execute(MavenExecutionContext.java:142) [org.eclipse.m2e.core_1.5.1.20150109-1820.jar:na]
	at org.eclipse.m2e.core.internal.embedder.MavenExecutionContext.execute(MavenExecutionContext.java:96) [org.eclipse.m2e.core_1.5.1.20150109-1820.jar:na]
	at org.eclipse.m2e.core.internal.builder.MavenBuilder$BuildMethod.execute(MavenBuilder.java:86) [org.eclipse.m2e.core_1.5.1.20150109-1820.jar:na]
	at org.eclipse.m2e.core.internal.builder.MavenBuilder.build(MavenBuilder.java:200) [org.eclipse.m2e.core_1.5.1.20150109-1820.jar:na]
	at org.eclipse.core.internal.events.BuildManager$2.run(BuildManager.java:734) [org.eclipse.core.resources_3.9.1.v20140825-1431.jar:na]
	at org.eclipse.core.runtime.SafeRunner.run(SafeRunner.java:42) [org.eclipse.equinox.common_3.6.200.v20130402-1505.jar:na]
	at org.eclipse.core.internal.events.BuildManager.basicBuild(BuildManager.java:206) [org.eclipse.core.resources_3.9.1.v20140825-1431.jar:na]
	at org.eclipse.core.internal.events.BuildManager.basicBuild(BuildManager.java:246) [org.eclipse.core.resources_3.9.1.v20140825-1431.jar:na]
	at org.eclipse.core.internal.events.BuildManager$1.run(BuildManager.java:299) [org.eclipse.core.resources_3.9.1.v20140825-1431.jar:na]
	at org.eclipse.core.runtime.SafeRunner.run(SafeRunner.java:42) [org.eclipse.equinox.common_3.6.200.v20130402-1505.jar:na]
	at org.eclipse.core.internal.events.BuildManager.basicBuild(BuildManager.java:302) [org.eclipse.core.resources_3.9.1.v20140825-1431.jar:na]
	at org.eclipse.core.internal.events.BuildManager.basicBuildLoop(BuildManager.java:358) [org.eclipse.core.resources_3.9.1.v20140825-1431.jar:na]
	at org.eclipse.core.internal.events.BuildManager.build(BuildManager.java:381) [org.eclipse.core.resources_3.9.1.v20140825-1431.jar:na]
	at org.eclipse.core.internal.events.AutoBuildJob.doBuild(AutoBuildJob.java:143) [org.eclipse.core.resources_3.9.1.v20140825-1431.jar:na]
	at org.eclipse.core.internal.events.AutoBuildJob.run(AutoBuildJob.java:241) [org.eclipse.core.resources_3.9.1.v20140825-1431.jar:na]
	at org.eclipse.core.internal.jobs.Worker.run(Worker.java:54) [org.eclipse.core.jobs_3.6.1.v20141014-1248.jar:na]
Caused by: org.apache.maven.model.io.ModelParseException: Unrecognised tag: 'dependencies' (position: START_TAG seen ...</plugins>\r\n    \r\n <dependencies>... @28:16) 
	at org.apache.maven.model.io.DefaultModelReader.read(DefaultModelReader.java:127) ~[maven-model-builder-3.2.1.jar:3.2.1]
	at org.apache.maven.model.io.DefaultModelReader.read(DefaultModelReader.java:91) ~[maven-model-builder-3.2.1.jar:3.2.1]
	at org.eclipse.m2e.core.internal.embedder.MavenImpl.readModel(MavenImpl.java:556) ~[org.eclipse.m2e.core_1.5.1.20150109-1820.jar:na]
	... 24 common frames omitted
Caused by: org.codehaus.plexus.util.xml.pull.XmlPullParserException: Unrecognised tag: 'dependencies' (position: START_TAG seen ...</plugins>\r\n    \r\n <dependencies>... @28:16) 
	at org.apache.maven.model.io.xpp3.MavenXpp3Reader.checkUnknownElement(MavenXpp3Reader.java:152) ~[maven-model-3.2.1.jar:3.2.1]
	at org.apache.maven.model.io.xpp3.MavenXpp3Reader.parseBuild(MavenXpp3Reader.java:960) ~[maven-model-3.2.1.jar:3.2.1]
	at org.apache.maven.model.io.xpp3.MavenXpp3Reader.parseModel(MavenXpp3Reader.java:2239) ~[maven-model-3.2.1.jar:3.2.1]
	at org.apache.maven.model.io.xpp3.MavenXpp3Reader.read(MavenXpp3Reader.java:3807) ~[maven-model-3.2.1.jar:3.2.1]
	at org.apache.maven.model.io.xpp3.MavenXpp3Reader.read(MavenXpp3Reader.java:557) ~[maven-model-3.2.1.jar:3.2.1]
	at org.apache.maven.model.io.DefaultModelReader.read(DefaultModelReader.java:122) ~[maven-model-builder-3.2.1.jar:3.2.1]
	... 26 common frames omitted
2016-06-27 17:53:53,714 [Worker-40] INFO  o.e.m.c.i.l.LifecycleMappingFactory - Using org.maven.ide.eclipse.wtp.WarLifecycleMapping lifecycle mapping for MavenProject: CatalogCollector:CatalogCollector:0.0.1-SNAPSHOT @ D:\eclipse_avinash\new_workspace\CatalogCollector\pom.xml.
2016-06-27 17:53:53,744 [Worker-40] WARN  o.e.m.c.i.embedder.EclipseLogger - Failed to retrieve plugin descriptor for org.apache.maven.plugins:maven-war-plugin:2.4: Plugin org.apache.maven.plugins:maven-war-plugin:2.4 or one of its dependencies could not be resolved: Failed to read artifact descriptor for org.apache.maven.plugins:maven-war-plugin:jar:2.4
2016-06-27 17:53:53,754 [Worker-40] WARN  o.e.m.c.i.embedder.EclipseLogger - Failed to retrieve plugin descriptor for org.apache.maven.plugins:maven-clean-plugin:2.5: Plugin org.apache.maven.plugins:maven-clean-plugin:2.5 or one of its dependencies could not be resolved: Failed to read artifact descriptor for org.apache.maven.plugins:maven-clean-plugin:jar:2.5
2016-06-27 17:53:53,764 [Worker-40] WARN  o.e.m.c.i.embedder.EclipseLogger - Failed to retrieve plugin descriptor for org.apache.maven.plugins:maven-install-plugin:2.4: Plugin org.apache.maven.plugins:maven-install-plugin:2.4 or one of its dependencies could not be resolved: Failed to read artifact descriptor for org.apache.maven.plugins:maven-install-plugin:jar:2.4
2016-06-27 17:53:53,774 [Worker-40] WARN  o.e.m.c.i.embedder.EclipseLogger - Failed to retrieve plugin descriptor for org.apache.maven.plugins:maven-deploy-plugin:2.7: Plugin org.apache.maven.plugins:maven-deploy-plugin:2.7 or one of its dependencies could not be resolved: Failed to read artifact descriptor for org.apache.maven.plugins:maven-deploy-plugin:jar:2.7
2016-06-27 17:53:53,784 [Worker-40] WARN  o.e.m.c.i.embedder.EclipseLogger - Failed to retrieve plugin descriptor for org.apache.maven.plugins:maven-site-plugin:3.3: Plugin org.apache.maven.plugins:maven-site-plugin:3.3 or one of its dependencies could not be resolved: Failed to read artifact descriptor for org.apache.maven.plugins:maven-site-plugin:jar:3.3
2016-06-27 17:53:53,785 [Worker-40] WARN  o.e.m.c.i.embedder.EclipseLogger - Failed to retrieve plugin descriptor for org.apache.maven.plugins:maven-antrun-plugin:1.3: Plugin org.apache.maven.plugins:maven-antrun-plugin:1.3 or one of its dependencies could not be resolved: Failed to read artifact descriptor for org.apache.maven.plugins:maven-antrun-plugin:jar:1.3
2016-06-27 17:53:53,787 [Worker-40] WARN  o.e.m.c.i.embedder.EclipseLogger - Failed to retrieve plugin descriptor for org.apache.maven.plugins:maven-dependency-plugin:2.8: Plugin org.apache.maven.plugins:maven-dependency-plugin:2.8 or one of its dependencies could not be resolved: Failed to read artifact descriptor for org.apache.maven.plugins:maven-dependency-plugin:jar:2.8
2016-06-27 17:53:53,796 [Worker-40] WARN  o.e.m.c.i.embedder.EclipseLogger - Failed to retrieve plugin descriptor for org.apache.maven.plugins:maven-release-plugin:2.3.2: Plugin org.apache.maven.plugins:maven-release-plugin:2.3.2 or one of its dependencies could not be resolved: Failed to read artifact descriptor for org.apache.maven.plugins:maven-release-plugin:jar:2.3.2
2016-06-27 17:58:28,163 [Worker-33] INFO  o.e.m.c.i.l.LifecycleMappingFactory - Using org.maven.ide.eclipse.wtp.WarLifecycleMapping lifecycle mapping for MavenProject: CatalogCollector:CatalogCollector:0.0.1-SNAPSHOT @ D:\eclipse_avinash\new_workspace\CatalogCollector\pom.xml.
2016-06-27 17:58:28,201 [Worker-33] WARN  o.e.m.c.i.embedder.EclipseLogger - Failed to retrieve plugin descriptor for org.apache.maven.plugins:maven-war-plugin:2.4: Plugin org.apache.maven.plugins:maven-war-plugin:2.4 or one of its dependencies could not be resolved: Failed to read artifact descriptor for org.apache.maven.plugins:maven-war-plugin:jar:2.4
2016-06-27 17:58:28,212 [Worker-33] WARN  o.e.m.c.i.embedder.EclipseLogger - Failed to retrieve plugin descriptor for org.apache.maven.plugins:maven-clean-plugin:2.5: Plugin org.apache.maven.plugins:maven-clean-plugin:2.5 or one of its dependencies could not be resolved: Failed to read artifact descriptor for org.apache.maven.plugins:maven-clean-plugin:jar:2.5
2016-06-27 17:58:28,222 [Worker-33] WARN  o.e.m.c.i.embedder.EclipseLogger - Failed to retrieve plugin descriptor for org.apache.maven.plugins:maven-install-plugin:2.4: Plugin org.apache.maven.plugins:maven-install-plugin:2.4 or one of its dependencies could not be resolved: Failed to read artifact descriptor for org.apache.maven.plugins:maven-install-plugin:jar:2.4
2016-06-27 17:58:28,232 [Worker-33] WARN  o.e.m.c.i.embedder.EclipseLogger - Failed to retrieve plugin descriptor for org.apache.maven.plugins:maven-deploy-plugin:2.7: Plugin org.apache.maven.plugins:maven-deploy-plugin:2.7 or one of its dependencies could not be resolved: Failed to read artifact descriptor for org.apache.maven.plugins:maven-deploy-plugin:jar:2.7
2016-06-27 17:58:28,249 [Worker-33] WARN  o.e.m.c.i.embedder.EclipseLogger - Failed to retrieve plugin descriptor for org.apache.maven.plugins:maven-site-plugin:3.3: Plugin org.apache.maven.plugins:maven-site-plugin:3.3 or one of its dependencies could not be resolved: Failed to read artifact descriptor for org.apache.maven.plugins:maven-site-plugin:jar:3.3
2016-06-27 17:58:28,259 [Worker-33] WARN  o.e.m.c.i.embedder.EclipseLogger - Failed to retrieve plugin descriptor for org.apache.maven.plugins:maven-antrun-plugin:1.3: Plugin org.apache.maven.plugins:maven-antrun-plugin:1.3 or one of its dependencies could not be resolved: Failed to read artifact descriptor for org.apache.maven.plugins:maven-antrun-plugin:jar:1.3
2016-06-27 17:58:28,269 [Worker-33] WARN  o.e.m.c.i.embedder.EclipseLogger - Failed to retrieve plugin descriptor for org.apache.maven.plugins:maven-dependency-plugin:2.8: Plugin org.apache.maven.plugins:maven-dependency-plugin:2.8 or one of its dependencies could not be resolved: Failed to read artifact descriptor for org.apache.maven.plugins:maven-dependency-plugin:jar:2.8
2016-06-27 17:58:28,280 [Worker-33] WARN  o.e.m.c.i.embedder.EclipseLogger - Failed to retrieve plugin descriptor for org.apache.maven.plugins:maven-release-plugin:2.3.2: Plugin org.apache.maven.plugins:maven-release-plugin:2.3.2 or one of its dependencies could not be resolved: Failed to read artifact descriptor for org.apache.maven.plugins:maven-release-plugin:jar:2.3.2
2016-06-27 17:58:56,862 [Worker-39] INFO  o.e.m.c.i.l.LifecycleMappingFactory - Using org.maven.ide.eclipse.wtp.WarLifecycleMapping lifecycle mapping for MavenProject: CatalogCollector:CatalogCollector:0.0.1-SNAPSHOT @ D:\eclipse_avinash\new_workspace\CatalogCollector\pom.xml.
2016-06-27 17:58:56,892 [Worker-39] WARN  o.e.m.c.i.embedder.EclipseLogger - Failed to retrieve plugin descriptor for org.apache.maven.plugins:maven-war-plugin:2.4: Plugin org.apache.maven.plugins:maven-war-plugin:2.4 or one of its dependencies could not be resolved: Failed to read artifact descriptor for org.apache.maven.plugins:maven-war-plugin:jar:2.4
2016-06-27 17:58:56,892 [Worker-39] WARN  o.e.m.c.i.embedder.EclipseLogger - Failed to retrieve plugin descriptor for org.apache.maven.plugins:maven-clean-plugin:2.5: Plugin org.apache.maven.plugins:maven-clean-plugin:2.5 or one of its dependencies could not be resolved: Failed to read artifact descriptor for org.apache.maven.plugins:maven-clean-plugin:jar:2.5
2016-06-27 17:58:56,902 [Worker-39] WARN  o.e.m.c.i.embedder.EclipseLogger - Failed to retrieve plugin descriptor for org.apache.maven.plugins:maven-install-plugin:2.4: Plugin org.apache.maven.plugins:maven-install-plugin:2.4 or one of its dependencies could not be resolved: Failed to read artifact descriptor for org.apache.maven.plugins:maven-install-plugin:jar:2.4
2016-06-27 17:58:56,912 [Worker-39] WARN  o.e.m.c.i.embedder.EclipseLogger - Failed to retrieve plugin descriptor for org.apache.maven.plugins:maven-deploy-plugin:2.7: Plugin org.apache.maven.plugins:maven-deploy-plugin:2.7 or one of its dependencies could not be resolved: Failed to read artifact descriptor for org.apache.maven.plugins:maven-deploy-plugin:jar:2.7
2016-06-27 17:58:56,922 [Worker-39] WARN  o.e.m.c.i.embedder.EclipseLogger - Failed to retrieve plugin descriptor for org.apache.maven.plugins:maven-site-plugin:3.3: Plugin org.apache.maven.plugins:maven-site-plugin:3.3 or one of its dependencies could not be resolved: Failed to read artifact descriptor for org.apache.maven.plugins:maven-site-plugin:jar:3.3
2016-06-27 17:58:56,932 [Worker-39] WARN  o.e.m.c.i.embedder.EclipseLogger - Failed to retrieve plugin descriptor for org.apache.maven.plugins:maven-antrun-plugin:1.3: Plugin org.apache.maven.plugins:maven-antrun-plugin:1.3 or one of its dependencies could not be resolved: Failed to read artifact descriptor for org.apache.maven.plugins:maven-antrun-plugin:jar:1.3
2016-06-27 17:58:56,942 [Worker-39] WARN  o.e.m.c.i.embedder.EclipseLogger - Failed to retrieve plugin descriptor for org.apache.maven.plugins:maven-dependency-plugin:2.8: Plugin org.apache.maven.plugins:maven-dependency-plugin:2.8 or one of its dependencies could not be resolved: Failed to read artifact descriptor for org.apache.maven.plugins:maven-dependency-plugin:jar:2.8
2016-06-27 17:58:56,952 [Worker-39] WARN  o.e.m.c.i.embedder.EclipseLogger - Failed to retrieve plugin descriptor for org.apache.maven.plugins:maven-release-plugin:2.3.2: Plugin org.apache.maven.plugins:maven-release-plugin:2.3.2 or one of its dependencies could not be resolved: Failed to read artifact descriptor for org.apache.maven.plugins:maven-release-plugin:jar:2.3.2
2016-06-27 17:59:44,154 [Worker-39] INFO  o.e.m.c.i.l.LifecycleMappingFactory - Using org.maven.ide.eclipse.wtp.WarLifecycleMapping lifecycle mapping for MavenProject: CatalogCollector:CatalogCollector:0.0.1-SNAPSHOT @ D:\eclipse_avinash\new_workspace\CatalogCollector\pom.xml.
2016-06-27 17:59:44,179 [Worker-39] WARN  o.e.m.c.i.embedder.EclipseLogger - Failed to retrieve plugin descriptor for org.apache.maven.plugins:maven-war-plugin:2.4: Plugin org.apache.maven.plugins:maven-war-plugin:2.4 or one of its dependencies could not be resolved: Failed to read artifact descriptor for org.apache.maven.plugins:maven-war-plugin:jar:2.4
2016-06-27 17:59:44,188 [Worker-39] WARN  o.e.m.c.i.embedder.EclipseLogger - Failed to retrieve plugin descriptor for org.apache.maven.plugins:maven-clean-plugin:2.5: Plugin org.apache.maven.plugins:maven-clean-plugin:2.5 or one of its dependencies could not be resolved: Failed to read artifact descriptor for org.apache.maven.plugins:maven-clean-plugin:jar:2.5
2016-06-27 17:59:44,197 [Worker-39] WARN  o.e.m.c.i.embedder.EclipseLogger - Failed to retrieve plugin descriptor for org.apache.maven.plugins:maven-install-plugin:2.4: Plugin org.apache.maven.plugins:maven-install-plugin:2.4 or one of its dependencies could not be resolved: Failed to read artifact descriptor for org.apache.maven.plugins:maven-install-plugin:jar:2.4
2016-06-27 17:59:44,206 [Worker-39] WARN  o.e.m.c.i.embedder.EclipseLogger - Failed to retrieve plugin descriptor for org.apache.maven.plugins:maven-deploy-plugin:2.7: Plugin org.apache.maven.plugins:maven-deploy-plugin:2.7 or one of its dependencies could not be resolved: Failed to read artifact descriptor for org.apache.maven.plugins:maven-deploy-plugin:jar:2.7
2016-06-27 17:59:44,216 [Worker-39] WARN  o.e.m.c.i.embedder.EclipseLogger - Failed to retrieve plugin descriptor for org.apache.maven.plugins:maven-site-plugin:3.3: Plugin org.apache.maven.plugins:maven-site-plugin:3.3 or one of its dependencies could not be resolved: Failed to read artifact descriptor for org.apache.maven.plugins:maven-site-plugin:jar:3.3
2016-06-27 17:59:44,225 [Worker-39] WARN  o.e.m.c.i.embedder.EclipseLogger - Failed to retrieve plugin descriptor for org.apache.maven.plugins:maven-antrun-plugin:1.3: Plugin org.apache.maven.plugins:maven-antrun-plugin:1.3 or one of its dependencies could not be resolved: Failed to read artifact descriptor for org.apache.maven.plugins:maven-antrun-plugin:jar:1.3
2016-06-27 17:59:44,235 [Worker-39] WARN  o.e.m.c.i.embedder.EclipseLogger - Failed to retrieve plugin descriptor for org.apache.maven.plugins:maven-dependency-plugin:2.8: Plugin org.apache.maven.plugins:maven-dependency-plugin:2.8 or one of its dependencies could not be resolved: Failed to read artifact descriptor for org.apache.maven.plugins:maven-dependency-plugin:jar:2.8
2016-06-27 17:59:44,246 [Worker-39] WARN  o.e.m.c.i.embedder.EclipseLogger - Failed to retrieve plugin descriptor for org.apache.maven.plugins:maven-release-plugin:2.3.2: Plugin org.apache.maven.plugins:maven-release-plugin:2.3.2 or one of its dependencies could not be resolved: Failed to read artifact descriptor for org.apache.maven.plugins:maven-release-plugin:jar:2.3.2
